../data/inputs/FashionMNIST/8_3.csv 3352 699.31 56 0.0 578.67 3352 0
../data/inputs/FashionMNIST/4_3.csv 3598 830.89 64 0.0 703.08 3598 0
../data/inputs/FashionMNIST/7_1.csv 3290 862.3 71 0.0 747.85 3290 0
../data/inputs/FashionMNIST/5_2.csv 3412 877.99 73 0.0 758.96 3412 0
../data/inputs/FashionMNIST/5_4.csv 3365 878.35 45 0.0 756.28 3365 0
../data/inputs/FashionMNIST/5_5.csv 3310 899.77 63 0.0 783.33 3310 0
../data/inputs/FashionMNIST/4_5.csv 3393 906.25 43 0.0 782.37 3393 0
../data/inputs/FashionMNIST/4_1.csv 3564 909.94 42 0.0 780.18 3564 0
../data/inputs/FashionMNIST/3_5.csv 3562 927.8 199 0.0 816.34 3562 0
../data/inputs/FashionMNIST/6_2.csv 3417 947.1 42 0.0 823.29 3417 0
../data/inputs/FashionMNIST/4_2.csv 3660 959.29 47 0.0 826.94 3660 0
../data/inputs/FashionMNIST/8_5.csv 3989 1004.95 66 0.0 863.42 3989 0
../data/inputs/FashionMNIST/6_5.csv 3631 1018.68 83 0.0 891.73 3631 0
../data/inputs/FashionMNIST/5_1.csv 3356 1031.33 63 0.0 913.72 3356 0
../data/inputs/FashionMNIST/6_3.csv 3786 1070.45 69 0.0 935.07 3786 0
../data/inputs/FashionMNIST/8_1.csv 3647 1077.56 119 0.0 956.88 3647 0
../data/inputs/FashionMNIST/5_3.csv 3508 1097.73 122 0.0 983.03 3508 0
../data/inputs/FashionMNIST/3_2.csv 3648 1103.98 167 0.0 987.64 3648 0
../data/inputs/FashionMNIST/6_4.csv 3740 1134.05 39 0.0 998.53 3740 0
../data/inputs/FashionMNIST/7_4.csv 3465 1168.57 127 0.0 1057.16 3465 0
../data/inputs/FashionMNIST/8_2.csv 3975 1205.85 70 0.0 1066.47 3975 0
../data/inputs/FashionMNIST/7_2.csv 3419 1297.59 123 0.0 1187.4 3419 0
../data/inputs/FashionMNIST/6_1.csv 3893 1329.02 46 0.0 1190.84 3893 0
../data/inputs/FashionMNIST/7_5.csv 3315 1366.78 146 0.0 1264.08 3315 0
../data/inputs/FashionMNIST/4_4.csv 3602 1372.74 129 0.0 1252.77 3602 0
../data/inputs/FashionMNIST/3_1.csv 3527 1435.92 146 0.0 1327.49 3527 0
../data/inputs/FashionMNIST/2_4.csv 3621 721.99 276 0.0 617.62 3621 0
../data/inputs/FashionMNIST/0_5.csv 3316 622.71 119 0.0 522.56 3316 0
../data/inputs/FashionMNIST/2_5.csv 3939 914.04 251 0.0 803.92 3939 0
../data/inputs/FashionMNIST/1_2.csv 3245 708.72 143 0.0 615.49 3245 0
../data/inputs/FashionMNIST/1_4.csv 3334 750.43 223 0.0 659.55 3334 0
../data/inputs/FashionMNIST/1_1.csv 3425 724.89 219 0.0 633.32 3425 0
../data/inputs/FashionMNIST/9_3.csv 3497 1781.98 257 0.0 1694.4 3497 0
../data/inputs/FashionMNIST/0_3.csv 3577 822.54 399 0.0 735.08 3577 0
../data/inputs/FashionMNIST/2_2.csv 3281 975.79 174 0.0 883.82 3281 0
../data/inputs/FashionMNIST/1_3.csv 3384 1025.13 218 0.0 932.2 3384 0
../data/inputs/FashionMNIST/2_3.csv 4040 1160.15 167 0.0 1043.08 4040 0
../data/inputs/FashionMNIST/2_1.csv 3958 1205.92 168 0.0 1092.74 3958 0
../data/inputs/FashionMNIST/0_2.csv 3604 1068.38 480 0.0 990.26 3604 0
../data/inputs/FashionMNIST/9_2.csv 3453 2207.12 249 0.0 2120.85 3453 0
../data/inputs/FashionMNIST/9_1.csv 3329 2298.03 250 0.0 2212.24 3329 0
../data/inputs/FashionMNIST/0_1.csv 3669 1329.41 396 0.0 1245.13 3669 0
../data/inputs/FashionMNIST/1_5.csv 3350 1537.41 222 0.0 1447.43 3350 0
../data/inputs/FashionMNIST/0_4.csv 3889 1453.11 232 0.0 1346.81 3889 0
../data/inputs/FashionMNIST/3_4.csv 3318 2648.36 198 0.0 2550.94 3318 0
../data/inputs/FashionMNIST/9_5.csv 3265 2800.84 262 0.0 2725.52 3265 0
../data/inputs/FashionMNIST/3_3.csv 3395 3489.49 232 0.0 3397.04 3395 0
../data/inputs/FashionMNIST/9_4.csv 1450 3601.0 304 0.0 3586.01 1450 1
../data/inputs/FashionMNIST/8_4.csv 2466 3600.92 178 0.0 3538.42 2466 1
../data/inputs/FashionMNIST/7_3.csv 3245 3601.99 167 0.0 3517.28 3245 1
