../data/inputs/6-4.csv 3246 676.32 125 0.0 574.83 3246 0
../data/inputs/7-1.csv 3229 838.02 101 0.0 733.38 3229 0
../data/inputs/5-5.csv 3261 944.07 234 0.0 854.75 3261 0
../data/inputs/4-4.csv 3198 977.69 96 0.0 873.41 3198 0
../data/inputs/8-4.csv 3245 1036.88 151 0.0 938.72 3245 0
../data/inputs/3-2.csv 3213 1071.49 133 0.0 972.34 3213 0
../data/inputs/7-5.csv 3229 1085.68 155 0.0 990.44 3229 0
../data/inputs/9-1.csv 3196 1090.0 124 0.0 990.42 3196 0
../data/inputs/6-2.csv 3225 1129.8 174 0.0 1034.81 3225 0
../data/inputs/8-1.csv 3256 1142.31 148 0.0 1042.11 3256 0
../data/inputs/4-1.csv 3228 1155.5 99 0.0 1051.42 3228 0
../data/inputs/5-2.csv 3211 1185.48 96 0.0 1080.32 3211 0
../data/inputs/5-1.csv 3246 1264.02 237 0.0 1176.94 3246 0
../data/inputs/3-1.csv 3217 1270.36 201 0.0 1179.14 3217 0
../data/inputs/6-1.csv 3228 1349.07 201 0.0 1258.88 3228 0
MalformedBasisException caught!
MalformedBasisException caught!
../data/inputs/9-3.csv 3235 1413.12 130 0.0 1312.15 3235 0
../data/inputs/8-2.csv 3237 1595.01 153 0.0 1497.67 3237 0
MalformedBasisException caught!
MalformedBasisException caught!
MalformedBasisException caught!
MalformedBasisException caught!
MalformedBasisException caught!
MalformedBasisException caught!
MalformedBasisException caught!
MalformedBasisException caught!
MalformedBasisException caught!
MalformedBasisException caught!
MalformedBasisException caught!
MalformedBasisException caught!
MalformedBasisException caught!
MalformedBasisException caught!
MalformedBasisException caught!
MalformedBasisException caught!
../data/inputs/3-3.csv 3216 1638.99 189 0.0 1547.53 3216 0
../data/inputs/6-3.csv 3215 1659.12 176 0.0 1566.22 3215 0
../data/inputs/3-5.csv 3226 1787.61 135 0.0 1688.88 3226 0
../data/inputs/5-3.csv 3246 1791.07 238 0.0 1704.48 3246 0
../data/inputs/3-4.csv 3259 1825.72 221 0.0 1737.4 3259 0
../data/inputs/6-5.csv 3234 1895.16 170 0.0 1801.3 3234 0
../data/inputs/1-2.csv 3183 801.1 152 0.0 708.73 3183 0
../data/inputs/4-2.csv 3218 1946.64 156 0.0 1853.81 3218 0
../data/inputs/1-1.csv 3177 839.38 149 0.0 747.05 3177 0
../data/inputs/1-3.csv 3182 937.07 150 0.0 844.77 3182 0
../data/inputs/1-4.csv 3177 990.88 152 0.0 899.59 3177 0
../data/inputs/1-5.csv 3169 1015.99 153 0.0 925.25 3169 0
../data/inputs/7-2.csv 3203 2252.22 194 0.0 2163.03 3203 0
../data/inputs/0-5.csv 3225 1141.26 105 0.0 1040.81 3225 0
../data/inputs/2-5.csv 3202 1674.29 245 0.0 1594.45 3202 0
../data/inputs/9-4.csv 3220 2374.62 162 0.0 2280.6 3220 0
../data/inputs/8-5.csv 3221 2413.73 174 0.0 2321.2 3221 0
../data/inputs/2-2.csv 3223 1486.81 192 0.0 1400.99 3223 0
../data/inputs/0-1.csv 3242 1270.95 233 0.0 1190.43 3242 0
../data/inputs/7-4.csv 3097 3600.12 247 0.0 3521.95 3097 1
../data/inputs/4-5.csv 1921 3601.93 206 0.0 3561.9 1921 1
../data/inputs/7-3.csv 1470 3602.77 276 0.0 3586.76 1470 1
../data/inputs/9-2.csv 2639 3603.15 131 0.0 3525.89 2639 1
../data/inputs/4-3.csv 2456 3604.93 135 0.0 3534.3 2456 1
../data/inputs/5-4.csv 3170 3607.48 172 0.0 3517.46 3170 1
../data/inputs/8-3.csv 2421 3681.73 181 0.0 3618.46 2421 1
../data/inputs/2-4.csv 1769 3605.04 254 0.0 3575.97 1769 1
../data/inputs/2-3.csv 1461 3600.87 282 0.0 3586.88 1461 1
../data/inputs/2-1.csv 3163 3613.94 198 0.0 3533.38 3163 1
../data/inputs/0-3.csv 1272 3603.19 187 0.0 3583.35 1272 1
../data/inputs/0-2.csv 1518 3600.22 308 0.0 3586.29 1518 1
../data/inputs/0-4.csv 2934 4076.9 774 0.0 4011.15 2934 1
