../data/inputs/FashionMNIST/8_3.csv 4 4.47 1107 0.9375 4.33 4 0
../data/inputs/FashionMNIST/8_5.csv 4 3.59 1337 0.9375 3.47 4 0
../data/inputs/FashionMNIST/9_2.csv 4 3.91 1101 0.9375 3.78 4 0
../data/inputs/FashionMNIST/3_1.csv 4 4.11 1154 0.9375 4.01 4 0
../data/inputs/FashionMNIST/8_2.csv 4 3.6 1299 0.9375 3.46 4 0
../data/inputs/FashionMNIST/4_3.csv 4 3.53 1305 0.9375 3.4 4 0
../data/inputs/FashionMNIST/3_3.csv 4 4.04 1098 0.9375 3.91 4 0
../data/inputs/FashionMNIST/6_3.csv 4 3.66 1381 0.9375 3.54 4 0
../data/inputs/FashionMNIST/7_5.csv 4 4.38 1016 0.9375 4.24 4 0
../data/inputs/FashionMNIST/4_2.csv 4 3.66 1341 0.9375 3.53 4 0
../data/inputs/FashionMNIST/5_1.csv 4 3.52 1037 0.9375 3.4 4 0
../data/inputs/FashionMNIST/9_5.csv 4 4.27 1118 0.9375 4.15 4 0
../data/inputs/FashionMNIST/7_3.csv 4 3.94 1131 0.9375 3.81 4 0
../data/inputs/FashionMNIST/6_2.csv 4 3.9 1269 0.9375 3.76 4 0
../data/inputs/FashionMNIST/9_3.csv 4 3.84 1170 0.9375 3.73 4 0
../data/inputs/FashionMNIST/8_4.csv 4 4.25 1298 0.9375 4.13 4 0
../data/inputs/FashionMNIST/6_1.csv 4 3.76 1333 0.9375 3.61 4 0
../data/inputs/FashionMNIST/7_1.csv 4 4.35 915 0.9375 4.23 4 0
../data/inputs/FashionMNIST/4_1.csv 4 3.54 1297 0.9375 3.41 4 0
../data/inputs/FashionMNIST/4_5.csv 4 3.62 1307 0.9375 3.47 4 0
../data/inputs/FashionMNIST/9_4.csv 4 3.8 1124 0.9375 3.65 4 0
../data/inputs/FashionMNIST/3_2.csv 4 3.6 1226 0.9375 3.46 4 0
../data/inputs/FashionMNIST/9_1.csv 4 4.26 1131 0.9375 4.09 4 0
../data/inputs/FashionMNIST/5_2.csv 4 3.8 1092 0.9375 3.69 4 0
../data/inputs/FashionMNIST/3_4.csv 4 3.55 1077 0.9375 3.43 4 0
../data/inputs/FashionMNIST/6_5.csv 4 3.64 1253 0.9375 3.56 4 0
../data/inputs/FashionMNIST/7_2.csv 4 4.14 1062 0.9375 3.99 4 0
../data/inputs/FashionMNIST/8_1.csv 4 3.86 1236 0.9375 3.73 4 0
../data/inputs/FashionMNIST/5_4.csv 4 4.21 982 0.9375 4.07 4 0
../data/inputs/FashionMNIST/7_4.csv 4 4.33 1039 0.9375 4.22 4 0
../data/inputs/FashionMNIST/5_3.csv 4 4.09 1155 0.9375 3.97 4 0
../data/inputs/FashionMNIST/6_4.csv 4 3.8 1304 0.9375 3.67 4 0
../data/inputs/FashionMNIST/5_5.csv 4 4.14 966 0.9375 4.01 4 0
../data/inputs/FashionMNIST/3_5.csv 4 3.76 1155 0.9375 3.66 4 0
../data/inputs/FashionMNIST/4_4.csv 4 3.55 1277 0.9375 3.43 4 0
../data/inputs/FashionMNIST/2_4.csv 4 2.68 1326 0.9375 2.57 4 0
../data/inputs/FashionMNIST/2_5.csv 4 2.62 1338 0.9375 2.49 4 0
../data/inputs/FashionMNIST/2_3.csv 4 2.5 1359 0.9375 2.4 4 0
../data/inputs/FashionMNIST/2_1.csv 4 2.42 1298 0.9375 2.3 4 0
../data/inputs/FashionMNIST/2_2.csv 4 2.82 1215 0.9375 2.7 4 0
../data/inputs/FashionMNIST/1_5.csv 4 2.71 1033 0.9375 2.62 4 0
../data/inputs/FashionMNIST/0_5.csv 4 2.6 1187 0.9375 2.48 4 0
../data/inputs/FashionMNIST/1_4.csv 4 2.68 1049 0.9375 2.55 4 0
../data/inputs/FashionMNIST/1_3.csv 4 2.65 1091 0.9375 2.53 4 0
../data/inputs/FashionMNIST/0_1.csv 4 2.59 1280 0.9375 2.46 4 0
../data/inputs/FashionMNIST/0_2.csv 4 2.64 1288 0.9375 2.55 4 0
../data/inputs/FashionMNIST/1_2.csv 4 2.55 1085 0.9375 2.46 4 0
../data/inputs/FashionMNIST/0_4.csv 4 2.63 1263 0.9375 2.5 4 0
../data/inputs/FashionMNIST/0_3.csv 4 2.46 1281 0.9375 2.36 4 0
../data/inputs/FashionMNIST/1_1.csv 4 2.97 1064 0.9375 2.84 4 0
