../data/inputs/6-4.csv 3246 682.93 125 0.0 579.92 3246 0
../data/inputs/7-1.csv 3229 830.75 101 0.0 722.93 3229 0
../data/inputs/5-5.csv 3261 954.12 234 0.0 861.37 3261 0
../data/inputs/4-4.csv 3198 987.68 96 0.0 882.15 3198 0
../data/inputs/3-2.csv 3213 1058.04 133 0.0 957.36 3213 0
../data/inputs/8-4.csv 3245 1059.6 151 0.0 960.65 3245 0
../data/inputs/7-5.csv 3229 1086.88 155 0.0 990.56 3229 0
../data/inputs/9-1.csv 3196 1095.25 124 0.0 994.51 3196 0
../data/inputs/6-2.csv 3225 1120.01 174 0.0 1024.42 3225 0
../data/inputs/8-1.csv 3256 1144.1 148 0.0 1043.68 3256 0
../data/inputs/4-1.csv 3228 1172.34 99 0.0 1067.13 3228 0
../data/inputs/5-2.csv 3211 1180.41 96 0.0 1074.73 3211 0
../data/inputs/5-1.csv 3246 1258.36 237 0.0 1171.71 3246 0
../data/inputs/3-1.csv 3217 1280.61 201 0.0 1189.33 3217 0
../data/inputs/6-1.csv 3228 1321.57 201 0.0 1230.76 3228 0
MalformedBasisException caught!
MalformedBasisException caught!
../data/inputs/9-3.csv 3235 1399.15 130 0.0 1297.3 3235 0
../data/inputs/8-2.csv 3237 1566.59 153 0.0 1468.17 3237 0
MalformedBasisException caught!
MalformedBasisException caught!
MalformedBasisException caught!
MalformedBasisException caught!
MalformedBasisException caught!
MalformedBasisException caught!
MalformedBasisException caught!
MalformedBasisException caught!
MalformedBasisException caught!
MalformedBasisException caught!
MalformedBasisException caught!
MalformedBasisException caught!
MalformedBasisException caught!
MalformedBasisException caught!
MalformedBasisException caught!
MalformedBasisException caught!
../data/inputs/3-3.csv 3216 1630.78 189 0.0 1539.1 3216 0
../data/inputs/6-3.csv 3215 1674.78 176 0.0 1582.0 3215 0
../data/inputs/5-3.csv 3246 1763.57 238 0.0 1677.26 3246 0
../data/inputs/3-5.csv 3226 1775.1 135 0.0 1675.76 3226 0
../data/inputs/3-4.csv 3259 1810.59 221 0.0 1721.32 3259 0
../data/inputs/6-5.csv 3234 1885.72 170 0.0 1791.71 3234 0
../data/inputs/1-2.csv 3183 803.23 152 0.0 710.52 3183 0
../data/inputs/4-2.csv 3218 1937.46 156 0.0 1842.47 3218 0
../data/inputs/1-1.csv 3177 835.29 149 0.0 742.6 3177 0
../data/inputs/1-3.csv 3182 930.06 150 0.0 837.89 3182 0
../data/inputs/1-5.csv 3169 1023.55 153 0.0 934.11 3169 0
../data/inputs/1-4.csv 3177 1002.7 152 0.0 913.13 3177 0
../data/inputs/7-2.csv 3203 2202.99 194 0.0 2113.57 3203 0
../data/inputs/0-5.csv 3225 1142.75 105 0.0 1043.63 3225 0
../data/inputs/2-5.csv 3202 1641.01 245 0.0 1560.36 3202 0
../data/inputs/9-4.csv 3220 2344.16 162 0.0 2249.7 3220 0
../data/inputs/8-5.csv 3221 2387.82 174 0.0 2294.62 3221 0
../data/inputs/2-2.csv 3223 1448.13 192 0.0 1363.05 3223 0
../data/inputs/0-1.csv 3242 1261.95 233 0.0 1180.47 3242 0
../data/inputs/8-3.csv 2535 3601.28 181 0.0 3534.89 2535 1
../data/inputs/4-3.csv 2462 3601.14 135 0.0 3527.5 2462 1
../data/inputs/7-4.csv 2960 3601.98 247 0.0 3529.05 2960 1
../data/inputs/4-5.csv 1942 3602.32 206 0.0 3561.88 1942 1
../data/inputs/9-2.csv 2644 3602.66 131 0.0 3524.57 2644 1
../data/inputs/7-3.csv 1470 3603.47 276 0.0 3586.68 1470 1
../data/inputs/5-4.csv 3173 3606.11 172 0.0 3516.41 3173 1
../data/inputs/2-4.csv 1767 3609.07 254 0.0 3579.84 1767 1
../data/inputs/2-3.csv 1467 3600.05 282 0.0 3585.83 1467 1
../data/inputs/2-1.csv 3162 3610.26 198 0.0 3530.72 3162 1
../data/inputs/0-4.csv 2956 3602.56 226 0.0 3535.87 2956 1
../data/inputs/0-3.csv 1276 3600.49 187 0.0 3580.33 1276 1
../data/inputs/0-2.csv 1512 3607.73 308 0.0 3594.4 1512 1
../data/inputs/6-4.csv 929 242.38 976 0.0 207.93 929 0
../data/inputs/8-1.csv 1643 568.13 1005 0.0965 506.43 1643 0
../data/inputs/8-5.csv 1609 599.64 939 0.0927 540.57 1609 0
../data/inputs/6-2.csv 1999 687.35 855 0.1 615.53 1999 0
../data/inputs/7-5.csv 1766 698.62 925 0.1295 634.18 1766 0
../data/inputs/3-2.csv 1834 721.43 919 0.0963 655.21 1834 0
../data/inputs/6-3.csv 2070 737.42 911 0.1 662.27 2070 0
../data/inputs/4-4.csv 2242 1084.06 900 0.0647 1003.75 2242 0
../data/inputs/2-2.csv 1189 391.59 935 0.1964 349.56 1189 0
../data/inputs/3-5.csv 1790 1096.22 901 0.0547 1032.1 1790 0
../data/inputs/5-2.csv 2291 1195.84 893 0.0109 1112.74 2291 0
../data/inputs/5-5.csv 1602 1211.21 1016 0.1376 1152.58 1602 0
../data/inputs/7-2.csv 1906 1318.28 908 0.2 1249.7 1906 0
../data/inputs/1-4.csv 2089 696.93 849 0.1 621.5 2089 0
../data/inputs/4-1.csv 2569 1484.34 957 0.0414 1391.64 2569 0
../data/inputs/3-1.csv 2170 1616.93 934 0.1587 1538.78 2170 0
../data/inputs/8-2.csv 2014 2032.99 932 0.156 1961.1 2014 0
../data/inputs/0-2.csv 1579 706.33 976 0.4 650.74 1579 0
../data/inputs/8-3.csv 2072 2203.12 957 0.1484 2128.25 2072 0
../data/inputs/2-1.csv 2300 1643.57 976 0.0752 1562.02 2300 0
../data/inputs/6-1.csv 2215 2450.38 946 0.1883 2372.09 2215 0
../data/inputs/7-1.csv 2107 2672.22 850 0.0623 2599.68 2107 0
../data/inputs/0-4.csv 1705 2204.93 978 0.3 2147.73 1705 0
../data/inputs/9-3.csv 715 3600.09 921 0.1 3576.41 715 1
../data/inputs/4-3.csv 274 3601.19 973 0.1 3591.62 274 1
../data/inputs/7-4.csv 97 3603.3 939 0.1932 3599.65 97 1
../data/inputs/8-4.csv 867 3604.36 1006 0.0364 3573.17 867 1
../data/inputs/5-3.csv 86 3617.42 963 0.1866 3614.11 86 1
../data/inputs/5-4.csv 295 3618.92 932 0.0499 3607.74 295 1
../data/inputs/9-1.csv 19 3622.42 889 0.1 3621.75 19 1
../data/inputs/9-4.csv 10 3624.72 933 0.1 3624.59 10 1
../data/inputs/5-1.csv 57 3641.59 962 0.2 3639.34 57 1
../data/inputs/3-4.csv 49 3642.72 978 0.1081 3640.87 49 1
../data/inputs/6-5.csv 38 3687.61 958 0.1 3686.14 38 1
../data/inputs/4-2.csv 152 3697.64 933 0.1199 3692.12 152 1
../data/inputs/7-3.csv 42 3702.46 917 0.1149 3700.77 42 1
../data/inputs/4-5.csv 188 3726.98 944 0.1809 3720.15 188 1
../data/inputs/2-4.csv 1673 3203.29 936 0.1974 3148.41 1673 0
../data/inputs/9-2.csv 17 3800.86 896 0.1 3800.24 17 1
../data/inputs/3-3.csv 11 3840.34 927 0.1445 3840.29 11 1
../data/inputs/2-5.csv 68 3603.89 834 0.1044 3601.26 68 1
../data/inputs/2-3.csv 10 3616.5 937 0.1926 3616.46 10 1
../data/inputs/1-5.csv 19 3788.42 854 0.1146 3787.71 19 1
../data/inputs/1-3.csv 85 3611.61 857 0.0922 3608.19 85 1
../data/inputs/1-1.csv 1947 3600.36 810 0.1 3539.49 1947 1
../data/inputs/1-2.csv 56 3639.69 863 0.1 3637.36 56 1
../data/inputs/0-5.csv 10 3721.39 927 0.3 3721.37 10 1
../data/inputs/0-3.csv 10 3943.27 931 0.2643 3943.13 10 1
../data/inputs/0-1.csv 12 3933.09 959 0.3 3932.98 12 1
