../data/inputs/FashionMNIST/4_5.csv 1765 413.14 1307 0.0 350.56 1765 0
../data/inputs/FashionMNIST/5_2.csv 1854 443.23 1092 0.1 377.12 1854 0
../data/inputs/FashionMNIST/5_4.csv 2001 529.8 982 0.1 458.17 2001 0
../data/inputs/FashionMNIST/6_4.csv 1239 599.31 1304 0.3 555.6 1239 0
../data/inputs/FashionMNIST/9_5.csv 1567 615.0 1118 0.3 558.69 1567 0
../data/inputs/FashionMNIST/9_3.csv 1482 645.22 1170 0.2233 591.47 1482 0
../data/inputs/FashionMNIST/3_4.csv 1450 652.24 1077 0.3 599.81 1450 0
../data/inputs/FashionMNIST/9_1.csv 1549 656.23 1131 0.3486 600.92 1549 0
../data/inputs/FashionMNIST/7_5.csv 1750 863.67 1016 0.2 800.88 1750 0
../data/inputs/FashionMNIST/9_4.csv 1591 869.33 1124 0.3 812.45 1591 0
../data/inputs/FashionMNIST/5_5.csv 2304 894.62 966 0.1098 811.7 2304 0
../data/inputs/FashionMNIST/6_3.csv 2252 913.21 1381 0.0664 832.8 2252 0
../data/inputs/FashionMNIST/8_2.csv 1909 913.12 1299 0.1563 845.01 1909 0
../data/inputs/FashionMNIST/5_1.csv 2305 1018.76 1037 0.1 936.48 2305 0
../data/inputs/FashionMNIST/2_5.csv 2235 621.75 1338 0.0859 541.84 2235 0
../data/inputs/FashionMNIST/7_3.csv 1562 1053.58 1131 0.2 997.13 1562 0
../data/inputs/FashionMNIST/4_4.csv 1806 1279.11 1277 0.0782 1215.42 1806 0
../data/inputs/FashionMNIST/2_4.csv 1607 831.51 1326 0.0557 775.85 1607 0
../data/inputs/FashionMNIST/3_3.csv 1500 1283.58 1098 0.3 1229.73 1500 0
../data/inputs/FashionMNIST/9_2.csv 1752 1289.3 1101 0.1 1226.9 1752 0
../data/inputs/FashionMNIST/8_5.csv 2224 1299.59 1337 0.104 1219.94 2224 0
../data/inputs/FashionMNIST/7_2.csv 1838 1408.93 1062 0.1694 1345.08 1838 0
../data/inputs/FashionMNIST/3_2.csv 2757 1426.14 1226 0.0 1329.67 2757 0
../data/inputs/FashionMNIST/0_1.csv 819 391.68 1280 0.374 364.08 819 0
../data/inputs/FashionMNIST/0_2.csv 1154 432.87 1288 0.5 393.68 1154 0
../data/inputs/FashionMNIST/8_1.csv 1612 1513.78 1236 0.2 1458.42 1612 0
../data/inputs/FashionMNIST/4_3.csv 1719 1537.9 1305 0.1 1478.34 1719 0
../data/inputs/FashionMNIST/0_3.csv 1777 706.27 1281 0.1 645.99 1777 0
../data/inputs/FashionMNIST/0_5.csv 1162 749.09 1187 0.4 710.49 1162 0
../data/inputs/FashionMNIST/6_5.csv 2664 1710.2 1253 0.067 1620.61 2664 0
../data/inputs/FashionMNIST/0_4.csv 1389 955.56 1263 0.1963 908.32 1389 0
../data/inputs/FashionMNIST/7_1.csv 1595 1878.77 915 0.1393 1825.07 1595 0
../data/inputs/FashionMNIST/1_4.csv 1467 1298.2 1049 0.2187 1250.11 1467 0
../data/inputs/FashionMNIST/4_2.csv 1972 2044.28 1341 0.0705 1978.04 1972 0
../data/inputs/FashionMNIST/3_5.csv 2065 2266.14 1155 0.1615 2196.05 2065 0
../data/inputs/FashionMNIST/3_1.csv 2302 2426.11 1154 0.0123 2349.1 2302 0
../data/inputs/FashionMNIST/6_1.csv 1537 2439.31 1333 0.2768 2388.12 1537 0
../data/inputs/FashionMNIST/6_2.csv 1434 2450.78 1269 0.3208 2402.73 1434 0
../data/inputs/FashionMNIST/4_1.csv 1660 2490.88 1297 0.1 2433.6 1660 0
../data/inputs/FashionMNIST/2_3.csv 2553 1965.46 1359 0.0145 1882.53 2553 0
../data/inputs/FashionMNIST/2_2.csv 1629 1904.16 1215 0.1845 1850.31 1629 0
../data/inputs/FashionMNIST/2_1.csv 2358 1939.69 1298 0.1207 1861.72 2358 0
../data/inputs/FashionMNIST/1_1.csv 1770 1705.44 1064 0.1886 1649.47 1770 0
../data/inputs/FashionMNIST/7_4.csv 1937 2624.46 1039 0.2 2561.42 1937 0
../data/inputs/FashionMNIST/1_5.csv 1532 1976.12 1033 0.2072 1928.42 1532 0
../data/inputs/FashionMNIST/8_4.csv 1737 2821.47 1298 0.2 2762.9 1737 0
../data/inputs/FashionMNIST/5_3.csv 1836 2877.22 1155 0.2 2820.29 1836 0
../data/inputs/FashionMNIST/1_2.csv 1732 2125.13 1085 0.1532 2076.91 1732 0
../data/inputs/FashionMNIST/1_3.csv 1610 2380.04 1091 0.1932 2337.55 1610 0
../data/inputs/FashionMNIST/8_3.csv 1646 3600.71 1107 0.1731 3575.09 1646 1
