../data/inputs/FashionMNIST/5_5.csv 4 1.22 0 0.0 1.04 4 0
../data/inputs/FashionMNIST/6_5.csv 4 1.23 1253 0.0625 1.06 4 0
../data/inputs/FashionMNIST/5_2.csv 4 1.01 1092 0.0625 0.9 4 0
../data/inputs/FashionMNIST/6_3.csv 4 1.15 1381 0.0625 1.05 4 0
../data/inputs/FashionMNIST/7_1.csv 4 1.38 915 0.0625 1.24 4 0
../data/inputs/FashionMNIST/9_2.csv 4 0.93 0 0.0 0.74 4 0
../data/inputs/FashionMNIST/3_2.csv 4 1.06 0 0.0 0.9 4 0
../data/inputs/FashionMNIST/6_4.csv 4 1.47 1304 0.0625 1.33 4 0
../data/inputs/FashionMNIST/4_2.csv 4 0.99 1341 0.0625 0.88 4 0
../data/inputs/FashionMNIST/5_1.csv 4 0.99 0 0.0 0.84 4 0
../data/inputs/FashionMNIST/5_4.csv 4 1.01 0 0.0 0.87 4 0
../data/inputs/FashionMNIST/4_4.csv 4 1.1 1277 0.0625 0.97 4 0
../data/inputs/FashionMNIST/4_5.csv 4 0.93 0 0.0 0.81 4 0
../data/inputs/FashionMNIST/6_2.csv 4 1.4 1269 0.0625 1.3 4 0
../data/inputs/FashionMNIST/7_4.csv 4 1.76 1039 0.0625 1.62 4 0
../data/inputs/FashionMNIST/4_1.csv 4 4.0 1297 0.125 3.88 4 0
../data/inputs/FashionMNIST/8_3.csv 4 4.18 1107 0.1875 4.05 4 0
../data/inputs/FashionMNIST/4_3.csv 4 3.74 1305 0.125 3.61 4 0
../data/inputs/FashionMNIST/5_3.csv 4 4.44 1155 0.0625 4.29 4 0
../data/inputs/FashionMNIST/3_1.csv 4 3.44 1154 0.0625 3.32 4 0
../data/inputs/FashionMNIST/7_3.csv 4 5.75 1131 0.0625 5.58 4 0
../data/inputs/FashionMNIST/8_4.csv 4 5.82 1298 0.1875 5.72 4 0
../data/inputs/FashionMNIST/7_5.csv 4 7.36 1016 0.0625 7.25 4 0
../data/inputs/FashionMNIST/9_3.csv 4 7.1 1170 0.125 6.94 4 0
../data/inputs/FashionMNIST/8_5.csv 4 6.4 1337 0.125 6.26 4 0
../data/inputs/FashionMNIST/0_4.csv 4 0.78 1263 0.0625 0.67 4 0
../data/inputs/FashionMNIST/2_4.csv 4 0.85 1326 0.0625 0.75 4 0
../data/inputs/FashionMNIST/2_3.csv 4 1.12 1359 0.0625 0.99 4 0
../data/inputs/FashionMNIST/9_4.csv 4 9.49 1124 0.1875 9.4 4 0
../data/inputs/FashionMNIST/3_4.csv 4 8.25 1077 0.25 8.14 4 0
../data/inputs/FashionMNIST/8_1.csv 4 9.5 1236 0.25 9.28 4 0
../data/inputs/FashionMNIST/0_3.csv 4 0.76 1281 0.125 0.69 4 0
../data/inputs/FashionMNIST/0_1.csv 4 0.83 1280 0.125 0.73 4 0
../data/inputs/FashionMNIST/2_1.csv 4 0.99 1298 0.0625 0.85 4 0
../data/inputs/FashionMNIST/1_1.csv 4 1.93 1064 0.1875 1.86 4 0
../data/inputs/FashionMNIST/8_2.csv 4 9.82 1299 0.125 9.69 4 0
../data/inputs/FashionMNIST/0_5.csv 4 0.84 1187 0.0625 0.71 4 0
../data/inputs/FashionMNIST/2_5.csv 4 2.7 1338 0.125 2.51 4 0
../data/inputs/FashionMNIST/1_2.csv 4 2.08 1085 0.1875 2.02 4 0
../data/inputs/FashionMNIST/1_3.csv 4 2.08 1091 0.1875 2.01 4 0
../data/inputs/FashionMNIST/3_5.csv 4 10.99 1155 0.1875 10.9 4 0
../data/inputs/FashionMNIST/6_1.csv 4 11.77 1333 0.0625 11.65 4 0
../data/inputs/FashionMNIST/1_5.csv 4 3.96 1033 0.25 3.84 4 0
../data/inputs/FashionMNIST/9_5.csv 4 13.02 1118 0.25 12.95 4 0
../data/inputs/FashionMNIST/2_2.csv 4 4.88 1215 0.1875 4.81 4 0
../data/inputs/FashionMNIST/1_4.csv 4 4.42 1049 0.25 4.27 4 0
../data/inputs/FashionMNIST/7_2.csv 4 15.14 1062 0.125 15.0 4 0
../data/inputs/FashionMNIST/3_3.csv 4 16.2 1098 0.3125 16.14 4 0
../data/inputs/FashionMNIST/9_1.csv 4 26.78 1131 0.3125 26.68 4 0
../data/inputs/FashionMNIST/0_2.csv 4 28.48 1288 0.1875 28.44 4 0
