../data/inputs/9-3.csv 0 0.1 0 0.0 0.1 1 0
../data/inputs/9-2.csv 0 0.08 0 0.0 0.08 1 0
../data/inputs/7-3.csv 0 0.11 0 0.0 0.1 1 0
../data/inputs/7-4.csv 0 0.11 0 0.0 0.11 1 0
../data/inputs/9-4.csv 0 0.09 0 0.0 0.08 1 0
../data/inputs/8-3.csv 0 0.1 0 0.0 0.1 1 0
../data/inputs/8-5.csv 0 0.1 0 0.0 0.1 1 0
../data/inputs/8-4.csv 0 0.08 0 0.0 0.07 1 0
../data/inputs/7-5.csv 0 0.07 0 0.0 0.07 1 0
../data/inputs/9-1.csv 0 0.1 0 0.0 0.1 1 0
../data/inputs/4-5.csv 0 0.09 0 0.0 0.09 1 0
../data/inputs/5-3.csv 0 0.07 0 0.0 0.07 1 0
../data/inputs/7-2.csv 0 0.18 0 0.0 0.18 1 0
../data/inputs/5-1.csv 0 0.11 0 0.0 0.11 1 0
../data/inputs/6-2.csv 0 0.09 0 0.0 0.09 1 0
../data/inputs/5-2.csv 0 0.11 0 0.0 0.1 1 0
../data/inputs/3-2.csv 0 0.06 0 0.0 0.06 1 0
../data/inputs/6-4.csv 0 0.1 0 0.0 0.1 1 0
../data/inputs/4-3.csv 0 0.11 0 0.0 0.11 1 0
../data/inputs/5-5.csv 0 0.09 0 0.0 0.08 1 0
../data/inputs/6-5.csv 0 0.07 0 0.0 0.06 1 0
../data/inputs/6-3.csv 0 0.17 0 0.0 0.17 1 0
../data/inputs/8-2.csv 0 0.12 0 0.0 0.12 1 0
../data/inputs/5-4.csv 0 0.1 0 0.0 0.09 1 0
../data/inputs/8-1.csv 0 0.11 0 0.0 0.11 1 0
../data/inputs/3-1.csv 0 0.13 0 0.0 0.13 1 0
../data/inputs/3-3.csv 0 0.23 0 0.0 0.22 1 0
../data/inputs/3-4.csv 0 0.14 0 0.0 0.14 1 0
../data/inputs/7-1.csv 0 0.18 0 0.0 0.18 1 0
../data/inputs/6-1.csv 0 0.1 0 0.0 0.09 1 0
../data/inputs/4-2.csv 0 0.15 0 0.0 0.15 1 0
../data/inputs/4-1.csv 0 0.13 0 0.0 0.13 1 0
../data/inputs/3-5.csv 0 0.14 0 0.0 0.14 1 0
../data/inputs/4-4.csv 0 0.08 0 0.0 0.08 1 0
../data/inputs/2-4.csv 0 0.04 0 0.0 0.04 1 0
../data/inputs/2-5.csv 0 0.05 0 0.0 0.05 1 0
../data/inputs/2-1.csv 0 0.06 0 0.0 0.06 1 0
../data/inputs/2-2.csv 0 0.1 0 0.0 0.09 1 0
../data/inputs/2-3.csv 0 0.04 0 0.0 0.04 1 0
../data/inputs/1-4.csv 0 0.06 0 0.0 0.06 1 0
../data/inputs/1-5.csv 0 0.04 0 0.0 0.04 1 0
../data/inputs/0-5.csv 0 0.08 0 0.0 0.08 1 0
../data/inputs/0-3.csv 0 0.07 0 0.0 0.07 1 0
../data/inputs/1-3.csv 0 0.07 0 0.0 0.07 1 0
../data/inputs/0-4.csv 0 0.07 0 0.0 0.07 1 0
../data/inputs/1-1.csv 0 0.07 0 0.0 0.06 1 0
../data/inputs/1-2.csv 0 0.04 0 0.0 0.04 1 0
../data/inputs/0-1.csv 0 0.04 0 0.0 0.04 1 0
../data/inputs/0-2.csv 0 0.04 0 0.0 0.04 1 0
../data/inputs/5-5.csv 1793 2088.67 1016 1.0 2010.18 1794 0
../data/inputs/5-3.csv 1793 2100.95 963 1.0 2022.41 1794 0
../data/inputs/5-1.csv 1833 2152.62 962 1.0 2072.01 1834 0
../data/inputs/5-4.csv 1834 2152.57 932 1.0 2072.67 1835 0
../data/inputs/5-2.csv 1839 2177.48 893 1.0 2097.13 1840 0
../data/inputs/4-1.csv 1896 2271.07 957 1.0 2188.78 1897 0
../data/inputs/4-2.csv 1913 2288.07 933 1.0 2204.39 1914 0
../data/inputs/4-3.csv 1918 2298.31 973 1.0 2214.05 1919 0
../data/inputs/4-5.csv 1913 2298.64 944 1.0 2213.64 1914 0
../data/inputs/4-4.csv 1944 2342.3 900 1.0 2257.55 1945 0
../data/inputs/7-1.csv 1955 2360.84 850 1.0 2275.43 1956 0
../data/inputs/7-5.csv 1974 2395.56 925 1.0 2309.95 1975 0
../data/inputs/7-4.csv 1970 2410.98 939 1.0 2324.79 1971 0
../data/inputs/7-3.csv 1985 2423.15 917 1.0 2335.93 1986 0
../data/inputs/7-2.csv 1987 2428.07 908 1.0 2341.95 1988 0
../data/inputs/6-4.csv 2013 2465.48 976 1.0 2376.88 2014 0
../data/inputs/6-5.csv 2049 2500.09 958 0.9882 2410.31 2050 0
../data/inputs/6-1.csv 2045 2506.36 946 1.0 2415.79 2046 0
../data/inputs/6-3.csv 2061 2522.04 911 1.0 2430.22 2062 0
../data/inputs/8-4.csv 2097 2533.91 1006 0.9765 2443.0 2098 0
../data/inputs/6-2.csv 2079 2537.55 855 1.0 2446.52 2080 0
../data/inputs/8-1.csv 2127 2578.46 1005 1.0 2485.33 2128 0
../data/inputs/9-2.csv 2143 2617.39 896 0.9259 2524.17 2144 0
../data/inputs/9-1.csv 2148 2619.21 889 0.9259 2525.83 2149 0
../data/inputs/9-3.csv 2144 2629.08 921 0.9259 2534.02 2145 0
../data/inputs/9-4.csv 2152 2631.58 933 0.9259 2536.7 2153 0
../data/inputs/8-5.csv 2176 2637.24 939 1.0 2542.23 2177 0
../data/inputs/8-3.csv 2166 2637.37 957 1.0 2539.43 2167 0
../data/inputs/8-2.csv 2183 2647.42 932 1.0 2552.66 2184 0
../data/inputs/3-4.csv 2414 2864.59 978 1.0 2760.68 2415 0
../data/inputs/3-1.csv 2463 2913.62 934 1.0 2807.75 2464 0
../data/inputs/3-3.csv 2505 2946.82 927 1.0 2838.23 2506 0
../data/inputs/3-2.csv 2514 2975.36 919 1.0 2866.29 2515 0
../data/inputs/3-5.csv 2528 2982.14 901 1.0 2867.84 2529 0
../data/inputs/2-4.csv 2129 1950.82 936 1.0 1863.28 2130 0
../data/inputs/2-5.csv 2143 1968.5 834 1.0 1880.47 2144 0
../data/inputs/2-1.csv 2145 1929.21 976 1.0 1842.53 2146 0
../data/inputs/2-3.csv 2173 1975.68 937 1.0 1886.71 2174 0
../data/inputs/2-2.csv 2165 1979.47 935 1.0 1889.27 2166 0
../data/inputs/1-4.csv 2062 1864.36 849 0.9854 1779.99 2063 0
../data/inputs/1-3.csv 2042 1856.19 857 0.9854 1771.98 2043 0
../data/inputs/1-2.csv 2064 1855.64 863 0.9854 1770.51 2065 0
../data/inputs/1-1.csv 2035 1817.67 810 0.902 1735.0 2036 0
../data/inputs/1-5.csv 2069 1898.94 854 0.9854 1813.29 2070 0
../data/inputs/0-2.csv 2088 1819.53 976 1.0 1735.64 2089 0
../data/inputs/0-5.csv 2142 1896.02 927 1.0 1810.02 2143 0
../data/inputs/0-1.csv 2082 1829.96 959 1.0 1744.55 2083 0
../data/inputs/0-4.csv 2130 1863.16 978 1.0 1777.5 2131 0
../data/inputs/0-3.csv 2129 1868.01 931 1.0 1782.22 2130 0
